

================================================================
== Synthesis Summary Report of 'nn_inference'
================================================================
+ General Information: 
    * Date:           Sat Jan 14 11:20:12 2023
    * Version:        2020.2 (Build 3064766 on Wed Nov 18 09:12:47 MST 2020)
    * Project:        NeuralNetworkKernel
    * Solution:       NN_kernel (Vivado IP Flow Target)
    * Product family: zynquplus
    * Target device:  xczu3eg-sbva484-1-i
    

+ Performance & Resource Estimates: 
    
    PS: '+' for module; 'o' for loop; '*' for dataflow
    +----------------------------------+------+-------+---------+-----------+----------+---------+------+----------+---------+----------+-------------+-------------+-----+
    |              Modules             | Issue|       | Latency |  Latency  | Iteration|         | Trip |          |         |          |             |             |     |
    |              & Loops             | Type | Slack | (cycles)|    (ns)   |  Latency | Interval| Count| Pipelined|  BRAM   |    DSP   |      FF     |     LUT     | URAM|
    +----------------------------------+------+-------+---------+-----------+----------+---------+------+----------+---------+----------+-------------+-------------+-----+
    |+ nn_inference                    |     -|  -0.49|        -|          -|         -|        -|     -|        no|  16 (3%)|  53 (14%)|  18831 (13%)|  55485 (78%)|    -|
    | + grp_applySingleKernel_fu_4518  |     -|  -0.55|        -|          -|         -|        -|     -|        no|        -|   22 (6%)|    4365 (3%)|   7110 (10%)|    -|
    |  o VITIS_LOOP_44_1               |     -|  -7.30|        -|          -|      3145|        -|     -|        no|        -|         -|            -|            -|    -|
    |   o VITIS_LOOP_47_2              |    II|  -7.30|      309|  3.090e+03|        55|        5|    52|       yes|        -|         -|            -|            -|    -|
    |   o VITIS_LOOP_47_2              |    II|  -7.30|      309|  3.090e+03|        55|        5|    52|       yes|        -|         -|            -|            -|    -|
    |   o VITIS_LOOP_47_2              |    II|  -7.30|      309|  3.090e+03|        55|        5|    52|       yes|        -|         -|            -|            -|    -|
    |   o VITIS_LOOP_47_2              |    II|  -7.30|      309|  3.090e+03|        55|        5|    52|       yes|        -|         -|            -|            -|    -|
    |   o VITIS_LOOP_47_2              |    II|  -7.30|      309|  3.090e+03|        55|        5|    52|       yes|        -|         -|            -|            -|    -|
    |   o VITIS_LOOP_47_2              |    II|  -7.30|      309|  3.090e+03|        55|        5|    52|       yes|        -|         -|            -|            -|    -|
    |   o VITIS_LOOP_47_2              |    II|  -7.30|      309|  3.090e+03|        55|        5|    52|       yes|        -|         -|            -|            -|    -|
    |   o VITIS_LOOP_47_2              |    II|  -7.30|      309|  3.090e+03|        55|        5|    52|       yes|        -|         -|            -|            -|    -|
    |   o VITIS_LOOP_47_2              |    II|  -7.30|      309|  3.090e+03|        55|        5|    52|       yes|        -|         -|            -|            -|    -|
    |   o VITIS_LOOP_47_2              |    II|  -7.30|      313|  3.130e+03|        55|        5|    52|       yes|        -|         -|            -|            -|    -|
    | + grp_maxPooling_fu_4568         |     -|  -1.82|        -|          -|         -|        -|     -|        no|        -|   20 (5%)|    3562 (2%)|   7094 (10%)|    -|
    |  o VITIS_LOOP_29_1               |     -|  -7.30|        -|          -|      1043|        -|     -|        no|        -|         -|            -|            -|    -|
    |   o VITIS_LOOP_32_2              |    II|  -7.30|       99|    990.000|         7|        3|    32|       yes|        -|         -|            -|            -|    -|
    |   o VITIS_LOOP_32_2              |    II|  -7.30|       99|    990.000|         7|        3|    32|       yes|        -|         -|            -|            -|    -|
    |   o VITIS_LOOP_32_2              |    II|  -7.30|       99|    990.000|         7|        3|    32|       yes|        -|         -|            -|            -|    -|
    |   o VITIS_LOOP_32_2              |    II|  -7.30|       99|    990.000|         7|        3|    32|       yes|        -|         -|            -|            -|    -|
    |   o VITIS_LOOP_32_2              |    II|  -7.30|       99|    990.000|         7|        3|    32|       yes|        -|         -|            -|            -|    -|
    |   o VITIS_LOOP_32_2              |    II|  -7.30|       99|    990.000|         7|        3|    32|       yes|        -|         -|            -|            -|    -|
    |   o VITIS_LOOP_32_2              |    II|  -7.30|       99|    990.000|         7|        3|    32|       yes|        -|         -|            -|            -|    -|
    |   o VITIS_LOOP_32_2              |    II|  -7.30|       99|    990.000|         7|        3|    32|       yes|        -|         -|            -|            -|    -|
    |   o VITIS_LOOP_32_2              |    II|  -7.30|       99|    990.000|         7|        3|    32|       yes|        -|         -|            -|            -|    -|
    |   o VITIS_LOOP_32_2              |    II|  -7.30|      101|  1.010e+03|         7|        3|    32|       yes|        -|         -|            -|            -|    -|
    | + grp_mat_mul_fu_4582            |     -|  -0.93|      585|  5.850e+03|         -|      585|     -|        no|  1 (~0%)|         -|   1358 (~0%)|    4226 (5%)|    -|
    |  o VITIS_LOOP_66_1               |     -|  -7.30|      584|  5.840e+03|        73|        -|     8|        no|        -|         -|            -|            -|    -|
    |   o VITIS_LOOP_70_2              |     -|  -7.30|       16|    160.000|         8|        1|    10|       yes|        -|         -|            -|            -|    -|
    |   o VITIS_LOOP_70_2              |     -|  -7.30|       16|    160.000|         8|        1|    10|       yes|        -|         -|            -|            -|    -|
    |   o VITIS_LOOP_70_2              |     -|  -7.30|       16|    160.000|         8|        1|    10|       yes|        -|         -|            -|            -|    -|
    |   o VITIS_LOOP_70_2              |     -|  -7.30|       16|    160.000|         8|        1|    10|       yes|        -|         -|            -|            -|    -|
    | + grp_mat_mul_1_fu_4590          |     -|  -0.95|     1289|  1.289e+04|         -|     1289|     -|        no|  2 (~0%)|         -|   1353 (~0%)|    4152 (5%)|    -|
    |  o VITIS_LOOP_66_1               |     -|  -7.30|     1288|  1.288e+04|       161|        -|     8|        no|        -|         -|            -|            -|    -|
    |   o VITIS_LOOP_70_2              |     -|  -7.30|       38|    380.000|         8|        1|    32|       yes|        -|         -|            -|            -|    -|
    |   o VITIS_LOOP_70_2              |     -|  -7.30|       38|    380.000|         8|        1|    32|       yes|        -|         -|            -|            -|    -|
    |   o VITIS_LOOP_70_2              |     -|  -7.30|       38|    380.000|         8|        1|    32|       yes|        -|         -|            -|            -|    -|
    |   o VITIS_LOOP_70_2              |     -|  -7.30|       38|    380.000|         8|        1|    32|       yes|        -|         -|            -|            -|    -|
    | + grp_mat_mul_2_fu_4598          |     -|  -0.95|      323|  3.230e+03|         -|      323|     -|        no|  1 (~0%)|         -|   1335 (~0%)|    4140 (5%)|    -|
    |  o VITIS_LOOP_66_1               |     -|  -7.30|      322|  3.220e+03|       161|        -|     2|        no|        -|         -|            -|            -|    -|
    |   o VITIS_LOOP_70_2              |     -|  -7.30|       38|    380.000|         8|        1|    32|       yes|        -|         -|            -|            -|    -|
    |   o VITIS_LOOP_70_2              |     -|  -7.30|       38|    380.000|         8|        1|    32|       yes|        -|         -|            -|            -|    -|
    |   o VITIS_LOOP_70_2              |     -|  -7.30|       38|    380.000|         8|        1|    32|       yes|        -|         -|            -|            -|    -|
    |   o VITIS_LOOP_70_2              |     -|  -7.30|       38|    380.000|         8|        1|    32|       yes|        -|         -|            -|            -|    -|
    | + grp_mat_mul_3_fu_4606          |     -|  -0.93|       32|    320.000|         -|       32|     -|        no|        -|         -|    697 (~0%)|    2048 (2%)|    -|
    |  o VITIS_LOOP_70_2               |     -|  -7.30|       14|    140.000|         8|        1|     8|       yes|        -|         -|            -|            -|    -|
    |  o VITIS_LOOP_70_2               |     -|  -7.30|       14|    140.000|         8|        1|     8|       yes|        -|         -|            -|            -|    -|
    | o VITIS_LOOP_125_1               |     -|  -7.30|     1620|  1.620e+04|         2|        1|  1620|       yes|        -|         -|            -|            -|    -|
    +----------------------------------+------+-------+---------+-----------+----------+---------+------+----------+---------+----------+-------------+-------------+-----+

