

================================================================
== Vitis HLS Report for 'mat_mul_2'
================================================================
* Date:           Sat Jan 14 11:19:23 2023

* Version:        2020.2 (Build 3064766 on Wed Nov 18 09:12:47 MST 2020)
* Project:        NeuralNetworkKernel
* Solution:       NN_kernel (Vivado IP Flow Target)
* Product family: zynquplus
* Target device:  xczu3eg-sbva484-1-i


================================================================
== Performance Estimates
================================================================
+ Timing: 
    * Summary: 
    +--------+----------+----------+------------+
    |  Clock |  Target  | Estimated| Uncertainty|
    +--------+----------+----------+------------+
    |ap_clk  |  10.00 ns|  6.354 ns|     2.70 ns|
    +--------+----------+----------+------------+

+ Latency: 
    * Summary: 
    +---------+---------+----------+----------+-----+-----+---------+
    |  Latency (cycles) |  Latency (absolute) |  Interval | Pipeline|
    |   min   |   max   |    min   |    max   | min | max |   Type  |
    +---------+---------+----------+----------+-----+-----+---------+
    |      323|      323|  3.230 us|  3.230 us|  323|  323|     none|
    +---------+---------+----------+----------+-----+-----+---------+

    + Detail: 
        * Instance: 
        N/A

        * Loop: 
        +--------------------+---------+---------+----------+-----------+-----------+------+----------+
        |                    |  Latency (cycles) | Iteration|  Initiation Interval  | Trip |          |
        |      Loop Name     |   min   |   max   |  Latency |  achieved |   target  | Count| Pipelined|
        +--------------------+---------+---------+----------+-----------+-----------+------+----------+
        |- VITIS_LOOP_66_1   |      322|      322|       161|          -|          -|     2|        no|
        | + VITIS_LOOP_70_2  |       38|       38|         8|          1|          1|    32|       yes|
        | + VITIS_LOOP_70_2  |       38|       38|         8|          1|          1|    32|       yes|
        | + VITIS_LOOP_70_2  |       38|       38|         8|          1|          1|    32|       yes|
        | + VITIS_LOOP_70_2  |       38|       38|         8|          1|          1|    32|       yes|
        +--------------------+---------+---------+----------+-----------+-----------+------+----------+



================================================================
== Utilization Estimates
================================================================
* Summary: 
+-----------------+---------+-----+--------+-------+-----+
|       Name      | BRAM_18K| DSP |   FF   |  LUT  | URAM|
+-----------------+---------+-----+--------+-------+-----+
|DSP              |        -|    -|       -|      -|    -|
|Expression       |        -|    -|       0|    208|    -|
|FIFO             |        -|    -|       -|      -|    -|
|Instance         |        -|    -|     548|   3324|    -|
|Memory           |        1|    -|       0|      0|    -|
|Multiplexer      |        -|    -|       -|    352|    -|
|Register         |        -|    -|     787|    256|    -|
+-----------------+---------+-----+--------+-------+-----+
|Total            |        1|    0|    1335|   4140|    0|
+-----------------+---------+-----+--------+-------+-----+
|Available        |      432|  360|  141120|  70560|    0|
+-----------------+---------+-----+--------+-------+-----+
|Utilization (%)  |       ~0|    0|      ~0|      5|    0|
+-----------------+---------+-----+--------+-------+-----+

+ Detail: 
    * Instance: 
    +--------------------------------------+----------------------------------+---------+----+-----+-----+-----+
    |               Instance               |              Module              | BRAM_18K| DSP|  FF | LUT | URAM|
    +--------------------------------------+----------------------------------+---------+----+-----+-----+-----+
    |facc_32ns_32ns_1ns_32_3_no_dsp_1_U80  |facc_32ns_32ns_1ns_32_3_no_dsp_1  |        0|   0|  137|  831|    0|
    |facc_32ns_32ns_1ns_32_3_no_dsp_1_U81  |facc_32ns_32ns_1ns_32_3_no_dsp_1  |        0|   0|  137|  831|    0|
    |facc_32ns_32ns_1ns_32_3_no_dsp_1_U82  |facc_32ns_32ns_1ns_32_3_no_dsp_1  |        0|   0|  137|  831|    0|
    |facc_32ns_32ns_1ns_32_3_no_dsp_1_U83  |facc_32ns_32ns_1ns_32_3_no_dsp_1  |        0|   0|  137|  831|    0|
    +--------------------------------------+----------------------------------+---------+----+-----+-----+-----+
    |Total                                 |                                  |        0|   0|  548| 3324|    0|
    +--------------------------------------+----------------------------------+---------+----+-----+-----+-----+

    * DSP: 
    N/A

    * Memory: 
    +------------------+--------------------------+---------+---+----+-----+------+-----+------+-------------+
    |      Memory      |          Module          | BRAM_18K| FF| LUT| URAM| Words| Bits| Banks| W*Bits*Banks|
    +------------------+--------------------------+---------+---+----+-----+------+-----+------+-------------+
    |layer9_weights_U  |mat_mul_2_layer9_weights  |        1|  0|   0|    0|   256|   32|     1|         8192|
    +------------------+--------------------------+---------+---+----+-----+------+-----+------+-------------+
    |Total             |                          |        1|  0|   0|    0|   256|   32|     1|         8192|
    +------------------+--------------------------+---------+---+----+-----+------+-----+------+-------------+

    * FIFO: 
    N/A

    * Expression: 
    +-------------------------+----------+----+---+----+------------+------------+
    |      Variable Name      | Operation| DSP| FF| LUT| Bitwidth P0| Bitwidth P1|
    +-------------------------+----------+----+---+----+------------+------------+
    |add_ln66_fu_553_p2       |         +|   0|  0|  12|           4|           3|
    |add_ln70_1_fu_387_p2     |         +|   0|  0|  13|           6|           1|
    |add_ln70_2_fu_440_p2     |         +|   0|  0|  13|           6|           1|
    |add_ln70_3_fu_509_p2     |         +|   0|  0|  13|           6|           1|
    |add_ln70_fu_317_p2       |         +|   0|  0|  13|           6|           1|
    |add_ln72_1_fu_530_p2     |         +|   0|  0|  15|           8|           8|
    |add_ln72_fu_408_p2       |         +|   0|  0|  15|           8|           8|
    |grp_fu_362_p2            |      icmp|   0|  0|  10|           6|           7|
    |grp_fu_423_p2            |      icmp|   0|  0|  10|           6|           7|
    |grp_fu_484_p2            |      icmp|   0|  0|  10|           6|           7|
    |grp_fu_545_p2            |      icmp|   0|  0|  10|           6|           7|
    |icmp_ln66_fu_303_p2      |      icmp|   0|  0|   9|           4|           5|
    |icmp_ln70_1_fu_393_p2    |      icmp|   0|  0|  10|           6|           7|
    |icmp_ln70_2_fu_446_p2    |      icmp|   0|  0|  10|           6|           7|
    |icmp_ln70_3_fu_515_p2    |      icmp|   0|  0|  10|           6|           7|
    |icmp_ln70_fu_323_p2      |      icmp|   0|  0|  10|           6|           7|
    |or_ln66_1_fu_431_p2      |        or|   0|  0|   3|           3|           2|
    |or_ln66_2_fu_492_p2      |        or|   0|  0|   3|           3|           2|
    |or_ln66_fu_370_p2        |        or|   0|  0|   3|           3|           1|
    |ap_enable_pp0            |       xor|   0|  0|   2|           1|           2|
    |ap_enable_pp1            |       xor|   0|  0|   2|           1|           2|
    |ap_enable_pp2            |       xor|   0|  0|   2|           1|           2|
    |ap_enable_pp3            |       xor|   0|  0|   2|           1|           2|
    |ap_enable_reg_pp0_iter1  |       xor|   0|  0|   2|           2|           1|
    |ap_enable_reg_pp1_iter1  |       xor|   0|  0|   2|           2|           1|
    |ap_enable_reg_pp2_iter1  |       xor|   0|  0|   2|           2|           1|
    |ap_enable_reg_pp3_iter1  |       xor|   0|  0|   2|           2|           1|
    +-------------------------+----------+----+---+----+------------+------------+
    |Total                    |          |   0|  0| 208|         117|         101|
    +-------------------------+----------+----+---+----+------------+------------+

    * Multiplexer: 
    +------------------------------+----+-----------+-----+-----------+
    |             Name             | LUT| Input Size| Bits| Total Bits|
    +------------------------------+----+-----------+-----+-----------+
    |ap_NS_fsm                     |  59|         11|    1|         11|
    |ap_enable_reg_pp0_iter1       |   9|          2|    1|          2|
    |ap_enable_reg_pp0_iter7       |   9|          2|    1|          2|
    |ap_enable_reg_pp1_iter1       |   9|          2|    1|          2|
    |ap_enable_reg_pp1_iter7       |   9|          2|    1|          2|
    |ap_enable_reg_pp2_iter1       |   9|          2|    1|          2|
    |ap_enable_reg_pp2_iter7       |   9|          2|    1|          2|
    |ap_enable_reg_pp3_iter1       |   9|          2|    1|          2|
    |ap_enable_reg_pp3_iter7       |   9|          2|    1|          2|
    |ap_phi_mux_j_0_phi_fu_191_p4  |   9|          2|    6|         12|
    |ap_phi_mux_j_1_phi_fu_215_p4  |   9|          2|    6|         12|
    |ap_phi_mux_j_2_phi_fu_239_p4  |   9|          2|    6|         12|
    |ap_phi_mux_j_3_phi_fu_263_p4  |   9|          2|    6|         12|
    |i_0_reg_175                   |   9|          2|    4|          8|
    |input_r_address0              |  26|          5|   11|         55|
    |j_0_reg_187                   |   9|          2|    6|         12|
    |j_1_reg_211                   |   9|          2|    6|         12|
    |j_2_reg_235                   |   9|          2|    6|         12|
    |j_3_reg_259                   |   9|          2|    6|         12|
    |layer9_weights_address0       |  26|          5|    8|         40|
    |output_r_address0             |  26|          5|   11|         55|
    |output_r_d0                   |  26|          5|   32|        160|
    |sum_0_reg_198                 |   9|          2|   32|         64|
    |sum_19_reg_222                |   9|          2|   32|         64|
    |sum_2_reg_246                 |   9|          2|   32|         64|
    |sum_3_reg_270                 |   9|          2|   32|         64|
    +------------------------------+----+-----------+-----+-----------+
    |Total                         | 352|         73|  251|        697|
    +------------------------------+----+-----------+-----+-----------+

    * Register: 
    +-------------------------+----+----+-----+-----------+
    |           Name          | FF | LUT| Bits| Const Bits|
    +-------------------------+----+----+-----+-----------+
    |add_ln70_1_reg_615       |   6|   0|    6|          0|
    |add_ln70_2_reg_655       |   6|   0|    6|          0|
    |add_ln70_3_reg_695       |   6|   0|    6|          0|
    |add_ln70_reg_575         |   6|   0|    6|          0|
    |ap_CS_fsm                |  10|   0|   10|          0|
    |ap_enable_reg_pp0_iter0  |   1|   0|    1|          0|
    |ap_enable_reg_pp0_iter1  |   1|   0|    1|          0|
    |ap_enable_reg_pp0_iter2  |   1|   0|    1|          0|
    |ap_enable_reg_pp0_iter3  |   1|   0|    1|          0|
    |ap_enable_reg_pp0_iter4  |   1|   0|    1|          0|
    |ap_enable_reg_pp0_iter5  |   1|   0|    1|          0|
    |ap_enable_reg_pp0_iter6  |   1|   0|    1|          0|
    |ap_enable_reg_pp0_iter7  |   1|   0|    1|          0|
    |ap_enable_reg_pp1_iter0  |   1|   0|    1|          0|
    |ap_enable_reg_pp1_iter1  |   1|   0|    1|          0|
    |ap_enable_reg_pp1_iter2  |   1|   0|    1|          0|
    |ap_enable_reg_pp1_iter3  |   1|   0|    1|          0|
    |ap_enable_reg_pp1_iter4  |   1|   0|    1|          0|
    |ap_enable_reg_pp1_iter5  |   1|   0|    1|          0|
    |ap_enable_reg_pp1_iter6  |   1|   0|    1|          0|
    |ap_enable_reg_pp1_iter7  |   1|   0|    1|          0|
    |ap_enable_reg_pp2_iter0  |   1|   0|    1|          0|
    |ap_enable_reg_pp2_iter1  |   1|   0|    1|          0|
    |ap_enable_reg_pp2_iter2  |   1|   0|    1|          0|
    |ap_enable_reg_pp2_iter3  |   1|   0|    1|          0|
    |ap_enable_reg_pp2_iter4  |   1|   0|    1|          0|
    |ap_enable_reg_pp2_iter5  |   1|   0|    1|          0|
    |ap_enable_reg_pp2_iter6  |   1|   0|    1|          0|
    |ap_enable_reg_pp2_iter7  |   1|   0|    1|          0|
    |ap_enable_reg_pp3_iter0  |   1|   0|    1|          0|
    |ap_enable_reg_pp3_iter1  |   1|   0|    1|          0|
    |ap_enable_reg_pp3_iter2  |   1|   0|    1|          0|
    |ap_enable_reg_pp3_iter3  |   1|   0|    1|          0|
    |ap_enable_reg_pp3_iter4  |   1|   0|    1|          0|
    |ap_enable_reg_pp3_iter5  |   1|   0|    1|          0|
    |ap_enable_reg_pp3_iter6  |   1|   0|    1|          0|
    |ap_enable_reg_pp3_iter7  |   1|   0|    1|          0|
    |i_0_reg_175              |   4|   0|    4|          0|
    |icmp_ln70_1_reg_621      |   1|   0|    1|          0|
    |icmp_ln70_2_reg_661      |   1|   0|    1|          0|
    |icmp_ln70_3_reg_701      |   1|   0|    1|          0|
    |icmp_ln70_reg_581        |   1|   0|    1|          0|
    |j_0_reg_187              |   6|   0|    6|          0|
    |j_1_reg_211              |   6|   0|    6|          0|
    |j_2_reg_235              |   6|   0|    6|          0|
    |j_3_reg_259              |   6|   0|    6|          0|
    |or_ln66_1_reg_645        |   2|   0|    3|          1|
    |or_ln66_3_cast6_reg_650  |   2|   0|   64|         62|
    |or_ln66_4_cast8_reg_685  |   1|   0|   64|         63|
    |or_ln66_cast4_reg_605    |   2|   0|   64|         62|
    |reg_299                  |  32|   0|   32|          0|
    |sum_0_reg_198            |  32|   0|   32|          0|
    |sum_19_reg_222           |  32|   0|   32|          0|
    |sum_2_reg_246            |  32|   0|   32|          0|
    |sum_3_reg_270            |  32|   0|   32|          0|
    |tmp_1_reg_610            |   2|   0|    8|          6|
    |tmp_2_reg_690            |   1|   0|    8|          7|
    |trunc_ln66_reg_568       |   3|   0|    3|          0|
    |zext_ln66_reg_563        |   4|   0|   64|         60|
    |add_ln70_1_reg_615       |  64|  32|    6|          0|
    |add_ln70_2_reg_655       |  64|  32|    6|          0|
    |add_ln70_3_reg_695       |  64|  32|    6|          0|
    |add_ln70_reg_575         |  64|  32|    6|          0|
    |icmp_ln70_1_reg_621      |  64|  32|    1|          0|
    |icmp_ln70_2_reg_661      |  64|  32|    1|          0|
    |icmp_ln70_3_reg_701      |  64|  32|    1|          0|
    |icmp_ln70_reg_581        |  64|  32|    1|          0|
    +-------------------------+----+----+-----+-----------+
    |Total                    | 787| 256|  564|        261|
    +-------------------------+----+----+-----+-----------+



================================================================
== Interface
================================================================
* Summary: 
+----------------------+-----+-----+------------+--------------+--------------+
|       RTL Ports      | Dir | Bits|  Protocol  | Source Object|    C Type    |
+----------------------+-----+-----+------------+--------------+--------------+
|ap_clk                |   in|    1|  ap_ctrl_hs|     mat_mul.2|  return value|
|ap_rst                |   in|    1|  ap_ctrl_hs|     mat_mul.2|  return value|
|ap_start              |   in|    1|  ap_ctrl_hs|     mat_mul.2|  return value|
|ap_done               |  out|    1|  ap_ctrl_hs|     mat_mul.2|  return value|
|ap_idle               |  out|    1|  ap_ctrl_hs|     mat_mul.2|  return value|
|ap_ready              |  out|    1|  ap_ctrl_hs|     mat_mul.2|  return value|
|grp_fu_35017_p_din0   |  out|   32|  ap_ctrl_hs|     mat_mul.2|  return value|
|grp_fu_35017_p_din1   |  out|   32|  ap_ctrl_hs|     mat_mul.2|  return value|
|grp_fu_35017_p_dout0  |   in|   32|  ap_ctrl_hs|     mat_mul.2|  return value|
|grp_fu_35017_p_ce     |  out|    1|  ap_ctrl_hs|     mat_mul.2|  return value|
|input_r_address0      |  out|   11|   ap_memory|       input_r|         array|
|input_r_ce0           |  out|    1|   ap_memory|       input_r|         array|
|input_r_q0            |   in|   32|   ap_memory|       input_r|         array|
|output_r_address0     |  out|   11|   ap_memory|      output_r|         array|
|output_r_ce0          |  out|    1|   ap_memory|      output_r|         array|
|output_r_we0          |  out|    1|   ap_memory|      output_r|         array|
|output_r_d0           |  out|   32|   ap_memory|      output_r|         array|
+----------------------+-----+-----+------------+--------------+--------------+

